0 info it worked if it ends with ok
1 verbose cli [
1 verbose cli   'C:\\Program Files\\nodejs\\node.exe',
1 verbose cli   'C:\\Users\\BloodLand\\AppData\\Roaming\\npm\\node_modules\\npm\\bin\\npm-cli.js',
1 verbose cli   'start'
1 verbose cli ]
2 info using npm@3.10.10
3 info using node@v14.4.0
4 verbose run-script [ 'prestart', 'start', 'poststart' ]
5 info lifecycle kof98@1.0.0~prestart: kof98@1.0.0
6 silly lifecycle kof98@1.0.0~prestart: no script for prestart, continuing
7 info lifecycle kof98@1.0.0~start: kof98@1.0.0
8 verbose lifecycle kof98@1.0.0~start: unsafe-perm in lifecycle true
9 verbose lifecycle kof98@1.0.0~start: PATH: C:\Users\BloodLand\AppData\Roaming\npm\node_modules\npm\bin\node-gyp-bin;C:\Users\BloodLand\Desktop\KOF98\api\node_modules\.bin;C:\Program Files (x86)\Common Files\Intel\Shared Libraries\redist\intel64\compiler;C:\Python27\;C:\Python27\Scripts;C:\Python38\Scripts\;C:\Python38\;C:\WINDOWS\system32;C:\WINDOWS;C:\WINDOWS\System32\Wbem;C:\WINDOWS\System32\WindowsPowerShell\v1.0\;C:\WINDOWS\System32\OpenSSH\;C:\Program Files\Redis\;C:\Program Files\Git\cmd;C:\Program Files (x86)\Yarn\bin\;C:\Program Files\MongoDB\Server\4.2\bin;C:\Program Files\PuTTY\;C:\ProgramData\chocolatey\bin;C:\Program Files\Java\jdk1.8.0_211\bin;C:\Users\BloodLand\AppData\Local\Android\Sdk\platforms;C:\Users\BloodLand\AppData\Local\Android\Sdk\platform-tools;C:\Program Files\nodejs\;C:\Users\BloodLand\AppData\Local\Microsoft\WindowsApps;C:\Users\BloodLand\AppData\Local\Yarn\bin;C:\Program Files\MongoDB\Server\4.2\bin;C:\Users\BloodLand\AppData\Local\Programs\Microsoft VS Code\bin;C:\Users\BloodLand\AppData\Local\atom\bin;C:\Users\BloodLand\AppData\Roaming\npm;C:\Users\BloodLand\AppData\Local\Android\Sdk\platform-tools;C:\Users\BloodLand\AppData\Local\Android\Sdk\platform;C:\Users\BloodLand\AppData\Local\Android\Sdk;;%USERPROFILE%\AppData\Local\Microsoft\WindowsApps
10 verbose lifecycle kof98@1.0.0~start: CWD: C:\Users\BloodLand\Desktop\KOF98\api
11 silly lifecycle kof98@1.0.0~start: Args: [ '/d /s /c', 'nodemon app.js' ]
12 silly lifecycle kof98@1.0.0~start: Returned: code: 1073807364  signal: null
13 info lifecycle kof98@1.0.0~start: Failed to exec start script
14 verbose stack Error: kof98@1.0.0 start: `nodemon app.js`
14 verbose stack Exit status 1073807364
14 verbose stack     at EventEmitter.<anonymous> (C:\Users\BloodLand\AppData\Roaming\npm\node_modules\npm\lib\utils\lifecycle.js:255:16)
14 verbose stack     at EventEmitter.emit (events.js:315:20)
14 verbose stack     at ChildProcess.<anonymous> (C:\Users\BloodLand\AppData\Roaming\npm\node_modules\npm\lib\utils\spawn.js:40:14)
14 verbose stack     at ChildProcess.emit (events.js:315:20)
14 verbose stack     at maybeClose (internal/child_process.js:1051:16)
14 verbose stack     at Process.ChildProcess._handle.onexit (internal/child_process.js:287:5)
15 verbose pkgid kof98@1.0.0
16 verbose cwd C:\Users\BloodLand\Desktop\KOF98\api
17 error Windows_NT 10.0.19041
18 error argv "C:\\Program Files\\nodejs\\node.exe" "C:\\Users\\BloodLand\\AppData\\Roaming\\npm\\node_modules\\npm\\bin\\npm-cli.js" "start"
19 error node v14.4.0
20 error npm  v3.10.10
21 error code ELIFECYCLE
22 error kof98@1.0.0 start: `nodemon app.js`
22 error Exit status 1073807364
23 error Failed at the kof98@1.0.0 start script 'nodemon app.js'.
23 error Make sure you have the latest version of node.js and npm installed.
23 error If you do, this is most likely a problem with the kof98 package,
23 error not with npm itself.
23 error Tell the author that this fails on your system:
23 error     nodemon app.js
23 error You can get information on how to open an issue for this project with:
23 error     npm bugs kof98
23 error Or if that isn't available, you can get their info via:
23 error     npm owner ls kof98
23 error There is likely additional logging output above.
24 verbose exit [ 1, true ]
